<?xml version="1.0" encoding="UTF-8"?>
<!-- Generated by org.testng.reporters.JUnitReportReporter -->
<testsuite hostname="E5530-2340" name="com.test1.tests.RTest" tests="66" failures="0" timestamp="19 May 2016 16:39:56 GMT" time="4178.433" errors="1">
  <testcase name="testSuccessfulNotesAdd" time="108.913" classname="com.test1.tests.RTest">
    <error type="org.openqa.selenium.NoSuchElementException" message="no such element: Unable to locate element: {&quot;method&quot;:&quot;xpath&quot;,&quot;selector&quot;:&quot;//*[@id=&#039;page-container&#039;]/div/div/div[2]/div[7]/div/div/div[2]/ul/li/div[2]/p&quot;}
  (Session info: chrome=50.0.2661.102)
  (Driver info: chromedriver=2.20.353145 (343b531d31eeb933ec778dbcf7081628a1396067),platform=Windows NT 6.1 SP1 x86_64) (WARNING: The server did not provide any stacktrace information)
Command duration or timeout: 45.07 seconds
For documentation on this error, please visit: http://seleniumhq.org/exceptions/no_such_element.html
Build info: version: &#039;2.48.2&#039;, revision: &#039;41bccdd&#039;, time: &#039;2015-10-09 19:59:12&#039;
System info: host: &#039;E5530-2340&#039;, ip: &#039;10.0.0.103&#039;, os.name: &#039;Windows 7&#039;, os.arch: &#039;amd64&#039;, os.version: &#039;6.1&#039;, java.version: &#039;1.8.0_66&#039;
Driver info: org.openqa.selenium.chrome.ChromeDriver
Capabilities [{applicationCacheEnabled=false, rotatable=false, mobileEmulationEnabled=false, chrome={userDataDir=C:\Users\jslee\AppData\Local\Temp\scoped_dir1336_22280}, takesHeapSnapshot=true, databaseEnabled=false, handlesAlerts=true, hasTouchScreen=false, version=50.0.2661.102, platform=XP, browserConnectionEnabled=false, nativeEvents=true, acceptSslCerts=true, locationContextEnabled=true, webStorageEnabled=true, browserName=chrome, takesScreenshot=true, javascriptEnabled=true, cssSelectorsEnabled=true}]
Session ID: 1564eb100f267d2acf95e8fe212bd372
*** Element info: {Using=xpath, value=//*[@id=&#039;page-container&#039;]/div/div/div[2]/div[7]/div/div/div[2]/ul/li/div[2]/p}">
      <![CDATA[org.openqa.selenium.NoSuchElementException: no such element: Unable to locate element: {"method":"xpath","selector":"//*[@id='page-container']/div/div/div[2]/div[7]/div/div/div[2]/ul/li/div[2]/p"}
  (Session info: chrome=50.0.2661.102)
  (Driver info: chromedriver=2.20.353145 (343b531d31eeb933ec778dbcf7081628a1396067),platform=Windows NT 6.1 SP1 x86_64) (WARNING: The server did not provide any stacktrace information)
Command duration or timeout: 45.07 seconds
For documentation on this error, please visit: http://seleniumhq.org/exceptions/no_such_element.html
Build info: version: '2.48.2', revision: '41bccdd', time: '2015-10-09 19:59:12'
System info: host: 'E5530-2340', ip: '10.0.0.103', os.name: 'Windows 7', os.arch: 'amd64', os.version: '6.1', java.version: '1.8.0_66'
Driver info: org.openqa.selenium.chrome.ChromeDriver
Capabilities [{applicationCacheEnabled=false, rotatable=false, mobileEmulationEnabled=false, chrome={userDataDir=C:\Users\jslee\AppData\Local\Temp\scoped_dir1336_22280}, takesHeapSnapshot=true, databaseEnabled=false, handlesAlerts=true, hasTouchScreen=false, version=50.0.2661.102, platform=XP, browserConnectionEnabled=false, nativeEvents=true, acceptSslCerts=true, locationContextEnabled=true, webStorageEnabled=true, browserName=chrome, takesScreenshot=true, javascriptEnabled=true, cssSelectorsEnabled=true}]
Session ID: 1564eb100f267d2acf95e8fe212bd372
*** Element info: {Using=xpath, value=//*[@id='page-container']/div/div/div[2]/div[7]/div/div/div[2]/ul/li/div[2]/p}
	at sun.reflect.NativeConstructorAccessorImpl.newInstance0(Native Method)
	at sun.reflect.NativeConstructorAccessorImpl.newInstance(NativeConstructorAccessorImpl.java:62)
	at sun.reflect.DelegatingConstructorAccessorImpl.newInstance(DelegatingConstructorAccessorImpl.java:45)
	at java.lang.reflect.Constructor.newInstance(Constructor.java:422)
	at org.openqa.selenium.remote.ErrorHandler.createThrowable(ErrorHandler.java:206)
	at org.openqa.selenium.remote.ErrorHandler.throwIfResponseFailed(ErrorHandler.java:158)
	at org.openqa.selenium.remote.RemoteWebDriver.execute(RemoteWebDriver.java:647)
	at org.openqa.selenium.remote.RemoteWebDriver.findElement(RemoteWebDriver.java:353)
	at org.openqa.selenium.remote.RemoteWebDriver.findElementByXPath(RemoteWebDriver.java:490)
	at org.openqa.selenium.By$ByXPath.findElement(By.java:361)
	at org.openqa.selenium.remote.RemoteWebDriver.findElement(RemoteWebDriver.java:345)
	at com.test1.pages.NotesTab.isAddNotesSuccessful(NotesTab.java:83)
	at com.test1.tests.RTest.testSuccessfulNotesAdd(RTest.java:237)
	at sun.reflect.NativeMethodAccessorImpl.invoke0(Native Method)
	at sun.reflect.NativeMethodAccessorImpl.invoke(NativeMethodAccessorImpl.java:62)
	at sun.reflect.DelegatingMethodAccessorImpl.invoke(DelegatingMethodAccessorImpl.java:43)
	at java.lang.reflect.Method.invoke(Method.java:497)
	at org.testng.internal.MethodInvocationHelper.invokeMethod(MethodInvocationHelper.java:85)
	at org.testng.internal.Invoker.invokeMethod(Invoker.java:639)
	at org.testng.internal.Invoker.invokeTestMethod(Invoker.java:821)
	at org.testng.internal.Invoker.invokeTestMethods(Invoker.java:1131)
	at org.testng.internal.TestMethodWorker.invokeTestMethods(TestMethodWorker.java:124)
	at org.testng.internal.TestMethodWorker.run(TestMethodWorker.java:108)
	at org.testng.TestRunner.privateRun(TestRunner.java:773)
	at org.testng.TestRunner.run(TestRunner.java:623)
	at org.testng.SuiteRunner.runTest(SuiteRunner.java:357)
	at org.testng.SuiteRunner.runSequentially(SuiteRunner.java:352)
	at org.testng.SuiteRunner.privateRun(SuiteRunner.java:310)
	at org.testng.SuiteRunner.run(SuiteRunner.java:259)
	at org.testng.SuiteRunnerWorker.runSuite(SuiteRunnerWorker.java:52)
	at org.testng.SuiteRunnerWorker.run(SuiteRunnerWorker.java:86)
	at org.testng.TestNG.runSuitesSequentially(TestNG.java:1185)
	at org.testng.TestNG.runSuitesLocally(TestNG.java:1110)
	at org.testng.TestNG.run(TestNG.java:1018)
	at org.testng.TestNG.privateMain(TestNG.java:1325)
	at org.testng.TestNG.main(TestNG.java:1294)
]]>
    </error>
  </testcase> <!-- testSuccessfulNotesAdd -->
  <testcase name="testSuccessfulCaseSummaryInfo" time="72.449" classname="com.test1.tests.RTest"/>
  <testcase name="testSuccessfulNotesAdd" time="65.103" classname="com.test1.tests.RTest"/>
  <testcase name="testSuccessfulCaseSummaryInfo" time="78.325" classname="com.test1.tests.RTest"/>
  <testcase name="testSuccessfulDocAttachment" time="60.221" classname="com.test1.tests.RTest"/>
  <testcase name="testSuccessfulNotesAdd" time="65.301" classname="com.test1.tests.RTest"/>
  <testcase name="testSuccessfulDocAttachment" time="60.848" classname="com.test1.tests.RTest"/>
  <testcase name="testSuccessfulDocAttachment" time="57.483" classname="com.test1.tests.RTest"/>
  <testcase name="testSuccessfulAddNewCase" time="37.328" classname="com.test1.tests.RTest"/>
  <testcase name="testSuccessfulLumpsumPayAddLC" time="76.676" classname="com.test1.tests.RTest"/>
  <testcase name="testSuccessfulCreateNewClaimant" time="99.582" classname="com.test1.tests.RTest"/>
  <testcase name="testSuccessfulCreateNewClaimant" time="109.856" classname="com.test1.tests.RTest"/>
  <testcase name="testSuccessfulDocAttachment" time="60.263" classname="com.test1.tests.RTest"/>
  <testcase name="testSuccessfulNotesAdd" time="67.622" classname="com.test1.tests.RTest"/>
  <testcase name="testSuccessfulAddNewPriorDealCase" time="39.663" classname="com.test1.tests.RTest"/>
  <testcase name="testSuccessfulAddNewPriorDealCase" time="39.623" classname="com.test1.tests.RTest"/>
  <testcase name="testSuccessfulCaseSummaryInfo" time="65.869" classname="com.test1.tests.RTest"/>
  <testcase name="testSuccessfulDocAttachment" time="57.783" classname="com.test1.tests.RTest"/>
  <testcase name="testSuccessfulCaseSummaryInfo" time="72.124" classname="com.test1.tests.RTest"/>
  <testcase name="testSuccessfulLumpsumPayAddLC" time="65.358" classname="com.test1.tests.RTest"/>
  <testcase name="testSuccessfulAddNewPriorDealCase" time="43.794" classname="com.test1.tests.RTest"/>
  <testcase name="testSuccessfulAddNewCase" time="38.259" classname="com.test1.tests.RTest"/>
  <testcase name="testSuccessfulDocAttachment" time="57.043" classname="com.test1.tests.RTest"/>
  <testcase name="testSuccessfulDocAttachment" time="57.424" classname="com.test1.tests.RTest"/>
  <testcase name="testSuccessfulCreateNewClaimant" time="100.878" classname="com.test1.tests.RTest"/>
  <testcase name="testSuccessfulCreateNewClaimant" time="107.159" classname="com.test1.tests.RTest"/>
  <testcase name="testSuccessfulCaseSummaryInfo" time="76.240" classname="com.test1.tests.RTest"/>
  <testcase name="testSuccessfulAddNewCase" time="36.869" classname="com.test1.tests.RTest"/>
  <testcase name="testSuccessfulCaseSummaryInfo" time="67.602" classname="com.test1.tests.RTest"/>
  <testcase name="testSuccessfulCaseSummaryInfo" time="78.993" classname="com.test1.tests.RTest"/>
  <testcase name="testSuccessfulDocAttachment" time="58.665" classname="com.test1.tests.RTest"/>
  <testcase name="testSuccessfulAddNewCase" time="39.443" classname="com.test1.tests.RTest"/>
  <testcase name="testSuccessfulCreateNewClaimant" time="93.835" classname="com.test1.tests.RTest"/>
  <testcase name="testSuccessfulAddNewCase" time="37.321" classname="com.test1.tests.RTest"/>
  <testcase name="testSuccessfulCaseSummaryInfo" time="67.426" classname="com.test1.tests.RTest"/>
  <testcase name="testSuccessfulNotesAdd" time="65.365" classname="com.test1.tests.RTest"/>
  <testcase name="testSuccessfulAddNewPriorDealCase" time="40.112" classname="com.test1.tests.RTest"/>
  <testcase name="testSuccessfulAddNewCase" time="37.696" classname="com.test1.tests.RTest"/>
  <testcase name="testSuccessfulLumpsumPayAddLC" time="68.783" classname="com.test1.tests.RTest"/>
  <testcase name="testSuccessfulNotesAdd" time="68.082" classname="com.test1.tests.RTest"/>
  <testcase name="testSuccessfulCaseSummaryInfo" time="70.236" classname="com.test1.tests.RTest"/>
  <testcase name="testSuccessfulCaseSummaryInfo" time="67.290" classname="com.test1.tests.RTest"/>
  <testcase name="testSuccessfulAddNewPriorDealCase" time="39.601" classname="com.test1.tests.RTest"/>
  <testcase name="testSuccessfulLumpsumPayAddLC" time="67.629" classname="com.test1.tests.RTest"/>
  <testcase name="testSuccessfulAddNewCase" time="38.029" classname="com.test1.tests.RTest"/>
  <testcase name="testSuccessfulAddNewPriorDealCase" time="40.049" classname="com.test1.tests.RTest"/>
  <testcase name="testSuccessfulCaseSummaryInfo" time="78.815" classname="com.test1.tests.RTest"/>
  <testcase name="testSuccessfulDocAttachment" time="58.000" classname="com.test1.tests.RTest"/>
  <testcase name="testSuccessfulLumpsumPayAddLC" time="72.017" classname="com.test1.tests.RTest"/>
  <testcase name="testSuccessfulLumpsumPayAddLC" time="63.724" classname="com.test1.tests.RTest"/>
  <testcase name="testSuccessfulCreateNewClaimant" time="94.412" classname="com.test1.tests.RTest"/>
  <testcase name="testSuccessfulDocAttachment" time="57.565" classname="com.test1.tests.RTest"/>
  <testcase name="testSuccessfulLumpsumPayAddLC" time="73.279" classname="com.test1.tests.RTest"/>
  <testcase name="testSuccessfulAddNewCase" time="38.328" classname="com.test1.tests.RTest"/>
  <testcase name="testSuccessfulDocAttachment" time="58.581" classname="com.test1.tests.RTest"/>
  <testcase name="testSuccessfulCreateNewClaimant" time="93.886" classname="com.test1.tests.RTest"/>
  <testcase name="testSuccessfulDocAttachment" time="58.356" classname="com.test1.tests.RTest"/>
  <testcase name="testSuccessfulAddNewCase" time="40.691" classname="com.test1.tests.RTest"/>
  <testcase name="testSuccessfulAddNewCase" time="36.969" classname="com.test1.tests.RTest"/>
  <testcase name="testSuccessfulAddNewPriorDealCase" time="39.023" classname="com.test1.tests.RTest"/>
  <testcase name="testSuccessfulLumpsumPayAddLC" time="75.392" classname="com.test1.tests.RTest"/>
  <testcase name="testSuccessfulAddNewPriorDealCase" time="38.917" classname="com.test1.tests.RTest"/>
  <testcase name="testSuccessfulLumpsumPayAddLC" time="73.859" classname="com.test1.tests.RTest"/>
  <testcase name="testSuccessfulAddNewCase" time="37.187" classname="com.test1.tests.RTest"/>
  <testcase name="testSuccessfulCreateNewClaimant" time="99.550" classname="com.test1.tests.RTest"/>
  <testcase name="testSuccessfulCaseSummaryInfo" time="65.669" classname="com.test1.tests.RTest"/>
</testsuite> <!-- com.test1.tests.RTest -->
