<?xml version="1.0" encoding="UTF-8"?>
<!-- Generated by org.testng.reporters.JUnitReportReporter -->
<testsuite hostname="E5530-2340" name="com.test1.tests.AddNewCaseTest" tests="1" failures="0" timestamp="18 May 2016 12:18:15 GMT" time="41.456" errors="0">
  <testcase name="testSuccessfulAddNewCase" time="41.456" classname="com.test1.tests.AddNewCaseTest"/>
</testsuite> <!-- com.test1.tests.AddNewCaseTest -->
