<?xml version="1.0" encoding="UTF-8"?>
<!-- Generated by org.testng.reporters.JUnitReportReporter -->
<testsuite hostname="E5530-2340" name="com.test1.tests.AddCaseSummaryInfoToCase" tests="4" failures="0" timestamp="6 May 2016 12:27:35 GMT" time="315.688" errors="0">
  <testcase name="testSuccessfulCaseSummaryInfo" time="74.178" classname="com.test1.tests.AddCaseSummaryInfoToCase"/>
  <testcase name="testSuccessfulCaseSummaryInfo" time="73.884" classname="com.test1.tests.AddCaseSummaryInfoToCase"/>
  <testcase name="testSuccessfulCaseSummaryInfo" time="82.760" classname="com.test1.tests.AddCaseSummaryInfoToCase"/>
  <testcase name="testSuccessfulCaseSummaryInfo" time="84.866" classname="com.test1.tests.AddCaseSummaryInfoToCase"/>
</testsuite> <!-- com.test1.tests.AddCaseSummaryInfoToCase -->
