<?xml version="1.0" encoding="UTF-8"?>
<!-- Generated by org.testng.reporters.JUnitReportReporter -->
<testsuite hostname="E5530-2340" name="com.test1.tests.AddCaseSummaryInfoToCasePrevMonth" tests="7" failures="0" timestamp="28 Apr 2016 16:19:29 GMT" time="493.563" errors="0">
  <testcase name="testSuccessfulCaseSummaryInfoPrevMonth" time="70.087" classname="com.test1.tests.AddCaseSummaryInfoToCasePrevMonth"/>
  <testcase name="testSuccessfulCaseSummaryInfoPrevMonth" time="70.839" classname="com.test1.tests.AddCaseSummaryInfoToCasePrevMonth"/>
  <testcase name="testSuccessfulCaseSummaryInfoPrevMonth" time="70.400" classname="com.test1.tests.AddCaseSummaryInfoToCasePrevMonth"/>
  <testcase name="testSuccessfulCaseSummaryInfoPrevMonth" time="70.244" classname="com.test1.tests.AddCaseSummaryInfoToCasePrevMonth"/>
  <testcase name="testSuccessfulCaseSummaryInfoPrevMonth" time="70.663" classname="com.test1.tests.AddCaseSummaryInfoToCasePrevMonth"/>
  <testcase name="testSuccessfulCaseSummaryInfoPrevMonth" time="71.619" classname="com.test1.tests.AddCaseSummaryInfoToCasePrevMonth"/>
  <testcase name="testSuccessfulCaseSummaryInfoPrevMonth" time="69.711" classname="com.test1.tests.AddCaseSummaryInfoToCasePrevMonth"/>
</testsuite> <!-- com.test1.tests.AddCaseSummaryInfoToCasePrevMonth -->
