<?xml version="1.0" encoding="UTF-8"?>
<!-- Generated by org.testng.reporters.JUnitReportReporter -->
<testsuite hostname="E5530-2340" name="com.test1.tests.AddLumpsumPaymentPrevMonthLCtest" tests="4" failures="0" timestamp="2 May 2016 16:53:55 GMT" time="313.753" errors="0">
  <testcase name="testSuccessfulLumpsumPayAddLCPrevMonth" time="77.918" classname="com.test1.tests.AddLumpsumPaymentPrevMonthLCtest"/>
  <testcase name="testSuccessfulLumpsumPayAddLCPrevMonth" time="77.489" classname="com.test1.tests.AddLumpsumPaymentPrevMonthLCtest"/>
  <testcase name="testSuccessfulLumpsumPayAddLCPrevMonth" time="80.946" classname="com.test1.tests.AddLumpsumPaymentPrevMonthLCtest"/>
  <testcase name="testSuccessfulLumpsumPayAddLCPrevMonth" time="77.400" classname="com.test1.tests.AddLumpsumPaymentPrevMonthLCtest"/>
</testsuite> <!-- com.test1.tests.AddLumpsumPaymentPrevMonthLCtest -->
