<?xml version="1.0" encoding="UTF-8"?>
<!-- Generated by org.testng.reporters.JUnitReportReporter -->
<testsuite hostname="E5530-2340" name="com.test1.tests.AddCaseSummaryInfoToCaseThisMonth" tests="4" failures="0" timestamp="2 May 2016 13:34:55 GMT" time="308.196" errors="0">
  <testcase name="testSuccessfulCaseSummaryInfoThisMonth" time="76.774" classname="com.test1.tests.AddCaseSummaryInfoToCaseThisMonth"/>
  <testcase name="testSuccessfulCaseSummaryInfoThisMonth" time="76.563" classname="com.test1.tests.AddCaseSummaryInfoToCaseThisMonth"/>
  <testcase name="testSuccessfulCaseSummaryInfoThisMonth" time="77.381" classname="com.test1.tests.AddCaseSummaryInfoToCaseThisMonth"/>
  <testcase name="testSuccessfulCaseSummaryInfoThisMonth" time="77.478" classname="com.test1.tests.AddCaseSummaryInfoToCaseThisMonth"/>
</testsuite> <!-- com.test1.tests.AddCaseSummaryInfoToCaseThisMonth -->
