<?xml version="1.0" encoding="UTF-8"?>
<!-- Generated by org.testng.reporters.JUnitReportReporter -->
<testsuite hostname="E5530-2340" name="com.test1.tests.AddNotesToCase" tests="3" failures="0" timestamp="18 May 2016 12:26:39 GMT" time="200.643" errors="0">
  <testcase name="testSuccessfulNotesAdd" time="65.152" classname="com.test1.tests.AddNotesToCase"/>
  <testcase name="testSuccessfulNotesAdd" time="66.884" classname="com.test1.tests.AddNotesToCase"/>
  <testcase name="testSuccessfulNotesAdd" time="68.607" classname="com.test1.tests.AddNotesToCase"/>
</testsuite> <!-- com.test1.tests.AddNotesToCase -->
