<?xml version="1.0" encoding="UTF-8"?>
<!-- Generated by org.testng.reporters.JUnitReportReporter -->
<testsuite hostname="E5530-2340" name="com.test1.tests.AttachDocumentToCase" tests="3" failures="0" timestamp="6 May 2016 12:31:43 GMT" time="189.606" errors="0">
  <testcase name="testSuccessfulDocAttachment" time="63.413" classname="com.test1.tests.AttachDocumentToCase"/>
  <testcase name="testSuccessfulDocAttachment" time="62.382" classname="com.test1.tests.AttachDocumentToCase"/>
  <testcase name="testSuccessfulDocAttachment" time="63.811" classname="com.test1.tests.AttachDocumentToCase"/>
</testsuite> <!-- com.test1.tests.AttachDocumentToCase -->
