<?xml version="1.0" encoding="UTF-8"?>
<!-- Generated by org.testng.reporters.JUnitReportReporter -->
<testsuite hostname="E5530-2340" name="com.test1.tests.AddNewPriorDealCaseTest" tests="1" failures="0" timestamp="3 May 2016 16:04:36 GMT" time="49.681" errors="0">
  <testcase name="testSuccessfulAddNewPriorDealCase" time="49.681" classname="com.test1.tests.AddNewPriorDealCaseTest"/>
</testsuite> <!-- com.test1.tests.AddNewPriorDealCaseTest -->
